<?xml version="1.0" encoding="UTF-8"?>
<!-- Generated by org.testng.reporters.JUnitXMLReporter -->
<testsuite ignored="0" hostname="DESKTOP-P28GIJ4" failures="0" tests="4" name="Default test" time="50.965" errors="0" timestamp="04 Mar 2021 03:29:01 GMT">
  <testcase classname="MavenProjectsRimon.TestMaven.TestShopping" name="Test1" time="11.421"/>
  <testcase classname="MavenProjectsRimon.TestMaven.TestShopping" name="Test2" time="2.087"/>
  <testcase classname="MavenProjectsRimon.TestMaven.TestShopping" name="Test3" time="5.639"/>
  <testcase classname="MavenProjectsRimon.TestMaven.TestShopping" name="Test4" time="22.478"/>
</testsuite> <!-- Default test -->
