<?xml version="1.0" encoding="UTF-8"?>
<testng-results ignored="0" total="4" passed="4" failed="0" skipped="0">
  <reporter-output>
  </reporter-output>
  <suite started-at="2021-03-04T03:28:10Z" name="Default suite" finished-at="2021-03-04T03:29:01Z" duration-ms="50965">
    <groups>
    </groups>
    <test started-at="2021-03-04T03:28:10Z" name="Default test" finished-at="2021-03-04T03:29:01Z" duration-ms="50965">
      <class name="MavenProjectsRimon.TestMaven.TestShopping">
        <test-method is-config="true" signature="setup()[pri:0, instance:MavenProjectsRimon.TestMaven.TestShopping@4d154ccd]" started-at="2021-03-04T03:28:10Z" name="setup" finished-at="2021-03-04T03:28:19Z" duration-ms="9308" status="PASS">
          <reporter-output>
          </reporter-output>
        </test-method> <!-- setup -->
        <test-method signature="Test1()[pri:0, instance:MavenProjectsRimon.TestMaven.TestShopping@4d154ccd]" started-at="2021-03-04T03:28:19Z" name="Test1" finished-at="2021-03-04T03:28:30Z" duration-ms="11421" status="PASS">
          <reporter-output>
          </reporter-output>
        </test-method> <!-- Test1 -->
        <test-method signature="Test2()[pri:0, instance:MavenProjectsRimon.TestMaven.TestShopping@4d154ccd]" started-at="2021-03-04T03:28:30Z" name="Test2" finished-at="2021-03-04T03:28:33Z" duration-ms="2087" status="PASS">
          <reporter-output>
          </reporter-output>
        </test-method> <!-- Test2 -->
        <test-method signature="Test3()[pri:0, instance:MavenProjectsRimon.TestMaven.TestShopping@4d154ccd]" started-at="2021-03-04T03:28:33Z" name="Test3" finished-at="2021-03-04T03:28:38Z" duration-ms="5639" status="PASS">
          <reporter-output>
          </reporter-output>
        </test-method> <!-- Test3 -->
        <test-method signature="Test4()[pri:0, instance:MavenProjectsRimon.TestMaven.TestShopping@4d154ccd]" started-at="2021-03-04T03:28:38Z" name="Test4" finished-at="2021-03-04T03:29:01Z" duration-ms="22478" status="PASS">
          <reporter-output>
          </reporter-output>
        </test-method> <!-- Test4 -->
      </class> <!-- MavenProjectsRimon.TestMaven.TestShopping -->
    </test> <!-- Default test -->
  </suite> <!-- Default suite -->
</testng-results>
